<?xml version="1.0" encoding="UTF-8"?>
<!-- Generated by org.testng.reporters.JUnitReportReporter -->
<testsuite hostname="LAPTOP-V4EQ9E0B" failures="0" tests="1" name="Test_Cases.TC_Flexible" time="33.035" errors="0" timestamp="2024-08-23T14:52:53 IST" skipped="0">
  <testcase classname="Test_Cases.TC_Flexible" name="TC_001_Destination" time="33.035"/>
  <system-out/>
</testsuite> <!-- Test_Cases.TC_Flexible -->
