<?xml version="1.0" encoding="UTF-8"?>
<!-- Generated by org.testng.reporters.JUnitReportReporter -->
<testsuite hostname="LAPTOP-V4EQ9E0B" failures="0" tests="1" name="Test_Cases.TC_Stays" time="29.150" errors="0" timestamp="2024-08-24T20:13:58 IST" skipped="0">
  <testcase classname="Test_Cases.TC_Stays" name="TC_001_Place" time="29.150"/>
  <system-out/>
</testsuite> <!-- Test_Cases.TC_Stays -->
