<?xml version="1.0" encoding="UTF-8"?>
<!-- Generated by org.testng.reporters.JUnitReportReporter -->
<testsuite hostname="LAPTOP-V4EQ9E0B" failures="0" tests="1" name="Test_Cases.TC_Flexible" time="27.247" errors="0" timestamp="2024-08-27T14:40:57 IST" skipped="0">
  <testcase classname="Test_Cases.TC_Flexible" name="TC_001_Destination" time="27.247"/>
  <system-out/>
</testsuite> <!-- Test_Cases.TC_Flexible -->
