<?xml version="1.0" encoding="UTF-8"?>
<!-- Generated by org.testng.reporters.JUnitReportReporter -->
<testsuite hostname="LAPTOP-V4EQ9E0B" failures="0" tests="1" name="Test_Cases.TC_Flexible" time="29.123" errors="0" timestamp="2024-08-28T16:10:35 IST" skipped="0">
  <testcase classname="Test_Cases.TC_Flexible" name="TC_001_Destination" time="29.123"/>
  <system-out/>
</testsuite> <!-- Test_Cases.TC_Flexible -->
